[0.023s] Invoking command in '/home/pavel/ws_ros2/build/px4_msgs': CMAKE_PREFIX_PATH=${CMAKE_PREFIX_PATH}:/opt/ros/humble /usr/bin/cmake --build /home/pavel/ws_ros2/build/px4_msgs -- -j12 -l12
[3.413s] [  0%] Built target px4_msgs__cpp
[3.527s] [ 12%] Built target px4_msgs__rosidl_generator_c
[3.574s] [ 12%] Built target ament_cmake_python_copy_px4_msgs
[3.752s] [ 24%] Built target px4_msgs__rosidl_typesupport_cpp
[3.795s] [ 37%] Built target px4_msgs__rosidl_typesupport_c
[3.841s] [ 50%] Built target px4_msgs__rosidl_typesupport_introspection_c
[3.862s] [ 63%] Built target px4_msgs__rosidl_typesupport_introspection_cpp
[3.898s] [ 75%] Built target px4_msgs__rosidl_typesupport_fastrtps_cpp
[4.037s] [ 88%] Built target px4_msgs__rosidl_typesupport_fastrtps_c
[4.110s] [ 88%] Built target px4_msgs
[4.209s] [ 88%] Built target px4_msgs__py
[4.431s] running egg_info
[4.472s] writing px4_msgs.egg-info/PKG-INFO
[4.473s] writing dependency_links to px4_msgs.egg-info/dependency_links.txt
[4.474s] writing top-level names to px4_msgs.egg-info/top_level.txt
[4.476s] [100%] Built target px4_msgs__rosidl_generator_py
[4.540s] [100%] Built target px4_msgs__rosidl_typesupport_fastrtps_c__pyext
[4.544s] [100%] Built target px4_msgs__rosidl_typesupport_c__pyext
[4.548s] [100%] Built target px4_msgs__rosidl_typesupport_introspection_c__pyext
[4.623s] reading manifest file 'px4_msgs.egg-info/SOURCES.txt'
[4.634s] writing manifest file 'px4_msgs.egg-info/SOURCES.txt'
[4.711s] [100%] Built target ament_cmake_python_build_px4_msgs_egg
[4.739s] Invoked command in '/home/pavel/ws_ros2/build/px4_msgs' returned '0': CMAKE_PREFIX_PATH=${CMAKE_PREFIX_PATH}:/opt/ros/humble /usr/bin/cmake --build /home/pavel/ws_ros2/build/px4_msgs -- -j12 -l12
[7.178s] Traceback (most recent call last):
  File "/usr/lib/python3/dist-packages/colcon_parallel_executor/executor/parallel.py", line 75, in execute
    loop.run_until_complete(future)
  File "/usr/lib/python3.10/asyncio/base_events.py", line 636, in run_until_complete
    self.run_forever()
  File "/usr/lib/python3.10/asyncio/base_events.py", line 603, in run_forever
    self._run_once()
  File "/usr/lib/python3.10/asyncio/base_events.py", line 1871, in _run_once
    event_list = self._selector.select(timeout)
  File "/usr/lib/python3.10/selectors.py", line 469, in select
    fd_event_list = self._selector.poll(timeout, max_ev)
KeyboardInterrupt

During handling of the above exception, another exception occurred:

Traceback (most recent call last):
  File "/usr/lib/python3/dist-packages/colcon_core/executor/__init__.py", line 91, in __call__
    rc = await self.task(*args, **kwargs)
  File "/usr/lib/python3/dist-packages/colcon_core/task/__init__.py", line 93, in __call__
    return await task_method(*args, **kwargs)
  File "/usr/lib/python3/dist-packages/colcon_ros/task/ament_cmake/build.py", line 59, in build
    rc = await extension.build(
  File "/usr/lib/python3/dist-packages/colcon_cmake/task/cmake/build.py", line 110, in build
    if await has_target(args.build_base, 'install'):
  File "/usr/lib/python3/dist-packages/colcon_cmake/task/cmake/__init__.py", line 57, in has_target
    return target in await get_makefile_targets(path)
  File "/usr/lib/python3/dist-packages/colcon_cmake/task/cmake/__init__.py", line 77, in get_makefile_targets
    output = await check_output([
  File "/usr/lib/python3/dist-packages/colcon_core/subprocess.py", line 129, in check_output
    assert not rc, f'Expected {args} to pass: {stderr_data}'
AssertionError: Expected ['/usr/bin/cmake', '--build', '/home/pavel/ws_ros2/build/px4_msgs', '--target', 'help'] to pass: 
